<?xml version="1.0" encoding="UTF-8"?>
<coverage generated="1692114344994" clover="3.2.0">
  <project timestamp="1692114344995" name="All files">
    <metrics statements="101" coveredstatements="97" conditionals="34" coveredconditionals="30" methods="5" coveredmethods="5" elements="140" coveredelements="132" complexity="0" loc="101" ncloc="101" packages="1" files="1" classes="1"/>
    <file name="caixa-da-lanchonete.js" path="/home/bruno/repos/desafioLanchoneteDB/src/caixa-da-lanchonete.js">
      <metrics statements="101" coveredstatements="97" conditionals="34" coveredconditionals="30" methods="5" coveredmethods="5"/>
      <line num="1" count="20" type="cond" truecount="1" falsecount="0"/>
      <line num="2" count="20" type="stmt"/>
      <line num="3" count="20" type="stmt"/>
      <line num="4" count="20" type="stmt"/>
      <line num="5" count="20" type="stmt"/>
      <line num="6" count="20" type="stmt"/>
      <line num="7" count="20" type="stmt"/>
      <line num="8" count="20" type="stmt"/>
      <line num="9" count="20" type="stmt"/>
      <line num="10" count="20" type="stmt"/>
      <line num="11" count="20" type="stmt"/>
      <line num="12" count="20" type="stmt"/>
      <line num="13" count="20" type="cond" truecount="1" falsecount="0"/>
      <line num="14" count="27" type="stmt"/>
      <line num="15" count="27" type="cond" truecount="1" falsecount="0"/>
      <line num="16" count="52" type="stmt"/>
      <line num="17" count="52" type="stmt"/>
      <line num="18" count="52" type="stmt"/>
      <line num="19" count="52" type="cond" truecount="2" falsecount="0"/>
      <line num="20" count="16" type="stmt"/>
      <line num="21" count="16" type="stmt"/>
      <line num="22" count="52" type="stmt"/>
      <line num="23" count="52" type="stmt"/>
      <line num="24" count="52" type="cond" truecount="1" falsecount="0"/>
      <line num="25" count="1" type="stmt"/>
      <line num="26" count="52" type="cond" truecount="2" falsecount="0"/>
      <line num="27" count="4" type="stmt"/>
      <line num="28" count="51" type="cond" truecount="1" falsecount="0"/>
      <line num="29" count="47" type="stmt"/>
      <line num="30" count="47" type="stmt"/>
      <line num="31" count="47" type="cond" truecount="1" falsecount="0"/>
      <line num="32" count="376" type="cond" truecount="1" falsecount="0"/>
      <line num="33" count="45" type="stmt"/>
      <line num="34" count="45" type="stmt"/>
      <line num="35" count="45" type="stmt"/>
      <line num="36" count="376" type="stmt"/>
      <line num="37" count="47" type="cond" truecount="1" falsecount="0"/>
      <line num="38" count="47" type="stmt"/>
      <line num="39" count="52" type="cond" truecount="1" falsecount="0"/>
      <line num="40" count="20" type="stmt"/>
      <line num="41" count="20" type="stmt"/>
      <line num="42" count="20" type="stmt"/>
      <line num="43" count="20" type="cond" truecount="1" falsecount="0"/>
      <line num="44" count="16" type="stmt"/>
      <line num="45" count="16" type="cond" truecount="1" falsecount="0"/>
      <line num="46" count="4" type="cond" truecount="1" falsecount="0"/>
      <line num="47" count="9" type="stmt"/>
      <line num="48" count="9" type="cond" truecount="1" falsecount="0"/>
      <line num="49" count="9" type="stmt"/>
      <line num="50" count="16" type="cond" truecount="1" falsecount="0"/>
      <line num="51" count="12" type="cond" truecount="1" falsecount="0"/>
      <line num="52" count="33" type="stmt"/>
      <line num="53" count="33" type="stmt"/>
      <line num="54" count="33" type="cond" truecount="1" falsecount="0"/>
      <line num="55" count="33" type="stmt"/>
      <line num="56" count="12" type="stmt"/>
      <line num="57" count="16" type="stmt"/>
      <line num="58" count="16" type="stmt"/>
      <line num="59" count="20" type="cond" truecount="1" falsecount="0"/>
      <line num="60" count="10" type="stmt"/>
      <line num="61" count="10" type="cond" truecount="1" falsecount="0"/>
      <line num="62" count="3" type="cond" truecount="0" falsecount="1"/>
      <line num="63" count="0" type="stmt"/>
      <line num="64" count="10" type="cond" truecount="1" falsecount="0"/>
      <line num="65" count="3" type="cond" truecount="0" falsecount="1"/>
      <line num="66" count="0" type="stmt"/>
      <line num="67" count="10" type="cond" truecount="1" falsecount="0"/>
      <line num="68" count="2" type="cond" truecount="0" falsecount="1"/>
      <line num="69" count="0" type="stmt"/>
      <line num="70" count="10" type="cond" truecount="1" falsecount="0"/>
      <line num="71" count="2" type="cond" truecount="0" falsecount="1"/>
      <line num="72" count="0" type="stmt"/>
      <line num="73" count="10" type="stmt"/>
      <line num="74" count="10" type="stmt"/>
      <line num="75" count="20" type="cond" truecount="1" falsecount="0"/>
      <line num="76" count="20" type="cond" truecount="2" falsecount="0"/>
      <line num="77" count="17" type="stmt"/>
      <line num="78" count="17" type="stmt"/>
      <line num="79" count="17" type="stmt"/>
      <line num="80" count="20" type="cond" truecount="1" falsecount="0"/>
      <line num="81" count="7" type="stmt"/>
      <line num="82" count="20" type="cond" truecount="1" falsecount="0"/>
      <line num="83" count="10" type="stmt"/>
      <line num="84" count="10" type="stmt"/>
      <line num="85" count="10" type="stmt"/>
      <line num="86" count="10" type="stmt"/>
      <line num="87" count="10" type="stmt"/>
      <line num="88" count="10" type="stmt"/>
      <line num="89" count="10" type="stmt"/>
      <line num="90" count="10" type="stmt"/>
      <line num="91" count="10" type="stmt"/>
      <line num="92" count="20" type="stmt"/>
      <line num="93" count="20" type="stmt"/>
      <line num="94" count="1" type="stmt"/>
      <line num="95" count="1" type="stmt"/>
      <line num="96" count="1" type="stmt"/>
      <line num="97" count="1" type="stmt"/>
      <line num="98" count="1" type="stmt"/>
      <line num="99" count="1" type="stmt"/>
      <line num="100" count="1" type="stmt"/>
      <line num="101" count="1" type="stmt"/>
    </file>
  </project>
</coverage>
