{"/home/bruno/repos/desafioLanchoneteDB/src/caixa-da-lanchonete.js": {"path":"/home/bruno/repos/desafioLanchoneteDB/src/caixa-da-lanchonete.js","all":false,"statementMap":{"0":{"start":{"line":1,"column":0},"end":{"line":1,"column":25}},"1":{"start":{"line":2,"column":0},"end":{"line":2,"column":14}},"2":{"start":{"line":3,"column":0},"end":{"line":3,"column":32}},"3":{"start":{"line":4,"column":0},"end":{"line":4,"column":36}},"4":{"start":{"line":5,"column":0},"end":{"line":5,"column":32}},"5":{"start":{"line":6,"column":0},"end":{"line":6,"column":37}},"6":{"start":{"line":7,"column":0},"end":{"line":7,"column":34}},"7":{"start":{"line":8,"column":0},"end":{"line":8,"column":36}},"8":{"start":{"line":9,"column":0},"end":{"line":9,"column":34}},"9":{"start":{"line":10,"column":0},"end":{"line":10,"column":34}},"10":{"start":{"line":11,"column":0},"end":{"line":11,"column":4}},"11":{"start":{"line":12,"column":0},"end":{"line":12,"column":0}},"12":{"start":{"line":13,"column":0},"end":{"line":13,"column":31}},"13":{"start":{"line":14,"column":0},"end":{"line":14,"column":29}},"14":{"start":{"line":15,"column":0},"end":{"line":15,"column":50}},"15":{"start":{"line":16,"column":0},"end":{"line":16,"column":53}},"16":{"start":{"line":17,"column":0},"end":{"line":17,"column":59}},"17":{"start":{"line":18,"column":0},"end":{"line":18,"column":25}},"18":{"start":{"line":19,"column":0},"end":{"line":19,"column":55}},"19":{"start":{"line":20,"column":0},"end":{"line":20,"column":66}},"20":{"start":{"line":21,"column":0},"end":{"line":21,"column":7}},"21":{"start":{"line":22,"column":0},"end":{"line":22,"column":40}},"22":{"start":{"line":23,"column":0},"end":{"line":23,"column":0}},"23":{"start":{"line":24,"column":0},"end":{"line":24,"column":28}},"24":{"start":{"line":25,"column":0},"end":{"line":25,"column":38}},"25":{"start":{"line":26,"column":0},"end":{"line":26,"column":43}},"26":{"start":{"line":27,"column":0},"end":{"line":27,"column":64}},"27":{"start":{"line":28,"column":0},"end":{"line":28,"column":14}},"28":{"start":{"line":29,"column":0},"end":{"line":29,"column":32}},"29":{"start":{"line":30,"column":0},"end":{"line":30,"column":65}},"30":{"start":{"line":31,"column":0},"end":{"line":31,"column":56}},"31":{"start":{"line":32,"column":0},"end":{"line":32,"column":47}},"32":{"start":{"line":33,"column":0},"end":{"line":33,"column":68}},"33":{"start":{"line":34,"column":0},"end":{"line":34,"column":31}},"34":{"start":{"line":35,"column":0},"end":{"line":35,"column":11}},"35":{"start":{"line":36,"column":0},"end":{"line":36,"column":9}},"36":{"start":{"line":37,"column":0},"end":{"line":37,"column":58}},"37":{"start":{"line":38,"column":0},"end":{"line":38,"column":7}},"38":{"start":{"line":39,"column":0},"end":{"line":39,"column":5}},"39":{"start":{"line":40,"column":0},"end":{"line":40,"column":34}},"40":{"start":{"line":41,"column":0},"end":{"line":41,"column":28}},"41":{"start":{"line":42,"column":0},"end":{"line":42,"column":3}},"42":{"start":{"line":43,"column":0},"end":{"line":43,"column":33}},"43":{"start":{"line":44,"column":0},"end":{"line":44,"column":26}},"44":{"start":{"line":45,"column":0},"end":{"line":45,"column":31}},"45":{"start":{"line":46,"column":0},"end":{"line":46,"column":46}},"46":{"start":{"line":47,"column":0},"end":{"line":47,"column":46}},"47":{"start":{"line":48,"column":0},"end":{"line":48,"column":50}},"48":{"start":{"line":49,"column":0},"end":{"line":49,"column":7}},"49":{"start":{"line":50,"column":0},"end":{"line":50,"column":12}},"50":{"start":{"line":51,"column":0},"end":{"line":51,"column":46}},"51":{"start":{"line":52,"column":0},"end":{"line":52,"column":46}},"52":{"start":{"line":53,"column":0},"end":{"line":53,"column":0}},"53":{"start":{"line":54,"column":0},"end":{"line":54,"column":55}},"54":{"start":{"line":55,"column":0},"end":{"line":55,"column":7}},"55":{"start":{"line":56,"column":0},"end":{"line":56,"column":5}},"56":{"start":{"line":57,"column":0},"end":{"line":57,"column":21}},"57":{"start":{"line":58,"column":0},"end":{"line":58,"column":3}},"58":{"start":{"line":59,"column":0},"end":{"line":59,"column":57}},"59":{"start":{"line":60,"column":0},"end":{"line":60,"column":32}},"60":{"start":{"line":61,"column":0},"end":{"line":61,"column":21}},"61":{"start":{"line":62,"column":0},"end":{"line":62,"column":60}},"62":{"start":{"line":63,"column":0},"end":{"line":63,"column":14}},"63":{"start":{"line":64,"column":0},"end":{"line":64,"column":20}},"64":{"start":{"line":65,"column":0},"end":{"line":65,"column":51}},"65":{"start":{"line":66,"column":0},"end":{"line":66,"column":14}},"66":{"start":{"line":67,"column":0},"end":{"line":67,"column":22}},"67":{"start":{"line":68,"column":0},"end":{"line":68,"column":60}},"68":{"start":{"line":69,"column":0},"end":{"line":69,"column":14}},"69":{"start":{"line":70,"column":0},"end":{"line":70,"column":14}},"70":{"start":{"line":71,"column":0},"end":{"line":71,"column":46}},"71":{"start":{"line":72,"column":0},"end":{"line":72,"column":14}},"72":{"start":{"line":73,"column":0},"end":{"line":73,"column":5}},"73":{"start":{"line":74,"column":0},"end":{"line":74,"column":3}},"74":{"start":{"line":75,"column":0},"end":{"line":75,"column":51}},"75":{"start":{"line":76,"column":0},"end":{"line":76,"column":72}},"76":{"start":{"line":77,"column":0},"end":{"line":77,"column":0}},"77":{"start":{"line":78,"column":0},"end":{"line":78,"column":58}},"78":{"start":{"line":79,"column":0},"end":{"line":79,"column":0}},"79":{"start":{"line":80,"column":0},"end":{"line":80,"column":36}},"80":{"start":{"line":81,"column":0},"end":{"line":81,"column":19}},"81":{"start":{"line":82,"column":0},"end":{"line":82,"column":12}},"82":{"start":{"line":83,"column":0},"end":{"line":83,"column":41}},"83":{"start":{"line":84,"column":0},"end":{"line":84,"column":26}},"84":{"start":{"line":85,"column":0},"end":{"line":85,"column":49}},"85":{"start":{"line":86,"column":0},"end":{"line":86,"column":26}},"86":{"start":{"line":87,"column":0},"end":{"line":87,"column":47}},"87":{"start":{"line":88,"column":0},"end":{"line":88,"column":20}},"88":{"start":{"line":89,"column":0},"end":{"line":89,"column":42}},"89":{"start":{"line":90,"column":0},"end":{"line":90,"column":49}},"90":{"start":{"line":91,"column":0},"end":{"line":91,"column":25}},"91":{"start":{"line":92,"column":0},"end":{"line":92,"column":10}},"92":{"start":{"line":93,"column":0},"end":{"line":93,"column":5}},"93":{"start":{"line":94,"column":0},"end":{"line":94,"column":3}},"94":{"start":{"line":95,"column":0},"end":{"line":95,"column":1}},"95":{"start":{"line":96,"column":0},"end":{"line":96,"column":38}},"96":{"start":{"line":97,"column":0},"end":{"line":97,"column":0}},"97":{"start":{"line":98,"column":0},"end":{"line":98,"column":12}},"98":{"start":{"line":99,"column":0},"end":{"line":99,"column":79}},"99":{"start":{"line":100,"column":0},"end":{"line":100,"column":83}},"100":{"start":{"line":101,"column":0},"end":{"line":101,"column":82}},"101":{"start":{"line":102,"column":0},"end":{"line":102,"column":2}},"102":{"start":{"line":103,"column":0},"end":{"line":103,"column":29}}},"s":{"0":20,"1":20,"2":20,"3":20,"4":20,"5":20,"6":20,"7":20,"8":20,"9":20,"10":20,"11":20,"12":20,"13":27,"14":27,"15":52,"16":52,"17":52,"18":52,"19":16,"20":16,"21":52,"22":52,"23":52,"24":1,"25":52,"26":4,"27":51,"28":47,"29":47,"30":47,"31":376,"32":45,"33":45,"34":45,"35":376,"36":47,"37":47,"38":52,"39":20,"40":20,"41":20,"42":20,"43":16,"44":16,"45":4,"46":9,"47":9,"48":9,"49":16,"50":12,"51":33,"52":33,"53":33,"54":33,"55":12,"56":16,"57":16,"58":20,"59":10,"60":10,"61":3,"62":0,"63":10,"64":3,"65":0,"66":10,"67":2,"68":0,"69":10,"70":2,"71":0,"72":10,"73":10,"74":20,"75":20,"76":17,"77":17,"78":17,"79":20,"80":7,"81":20,"82":10,"83":10,"84":10,"85":10,"86":10,"87":10,"88":10,"89":10,"90":10,"91":10,"92":10,"93":20,"94":20,"95":1,"96":1,"97":1,"98":1,"99":1,"100":1,"101":1,"102":1},"branchMap":{"0":{"type":"branch","line":1,"loc":{"start":{"line":1,"column":0},"end":{"line":95,"column":1}},"locations":[{"start":{"line":1,"column":0},"end":{"line":95,"column":1}}]},"1":{"type":"branch","line":13,"loc":{"start":{"line":13,"column":2},"end":{"line":42,"column":3}},"locations":[{"start":{"line":13,"column":2},"end":{"line":42,"column":3}}]},"2":{"type":"branch","line":15,"loc":{"start":{"line":15,"column":49},"end":{"line":39,"column":5}},"locations":[{"start":{"line":15,"column":49},"end":{"line":39,"column":5}}]},"3":{"type":"branch","line":19,"loc":{"start":{"line":19,"column":30},"end":{"line":19,"column":52}},"locations":[{"start":{"line":19,"column":30},"end":{"line":19,"column":52}}]},"4":{"type":"branch","line":19,"loc":{"start":{"line":19,"column":54},"end":{"line":21,"column":7}},"locations":[{"start":{"line":19,"column":54},"end":{"line":21,"column":7}}]},"5":{"type":"branch","line":24,"loc":{"start":{"line":24,"column":27},"end":{"line":26,"column":7}},"locations":[{"start":{"line":24,"column":27},"end":{"line":26,"column":7}}]},"6":{"type":"branch","line":26,"loc":{"start":{"line":26,"column":7},"end":{"line":38,"column":7}},"locations":[{"start":{"line":26,"column":7},"end":{"line":38,"column":7}}]},"7":{"type":"branch","line":26,"loc":{"start":{"line":26,"column":42},"end":{"line":28,"column":7}},"locations":[{"start":{"line":26,"column":42},"end":{"line":28,"column":7}}]},"8":{"type":"branch","line":28,"loc":{"start":{"line":28,"column":7},"end":{"line":38,"column":7}},"locations":[{"start":{"line":28,"column":7},"end":{"line":38,"column":7}}]},"9":{"type":"branch","line":31,"loc":{"start":{"line":31,"column":55},"end":{"line":36,"column":9}},"locations":[{"start":{"line":31,"column":55},"end":{"line":36,"column":9}}]},"10":{"type":"branch","line":32,"loc":{"start":{"line":32,"column":46},"end":{"line":35,"column":11}},"locations":[{"start":{"line":32,"column":46},"end":{"line":35,"column":11}}]},"11":{"type":"branch","line":37,"loc":{"start":{"line":37,"column":34},"end":{"line":37,"column":58}},"locations":[{"start":{"line":37,"column":34},"end":{"line":37,"column":58}}]},"12":{"type":"branch","line":39,"loc":{"start":{"line":39,"column":4},"end":{"line":42,"column":3}},"locations":[{"start":{"line":39,"column":4},"end":{"line":42,"column":3}}]},"13":{"type":"branch","line":43,"loc":{"start":{"line":43,"column":2},"end":{"line":58,"column":3}},"locations":[{"start":{"line":43,"column":2},"end":{"line":58,"column":3}}]},"14":{"type":"branch","line":45,"loc":{"start":{"line":45,"column":30},"end":{"line":50,"column":5}},"locations":[{"start":{"line":45,"column":30},"end":{"line":50,"column":5}}]},"15":{"type":"branch","line":46,"loc":{"start":{"line":46,"column":45},"end":{"line":49,"column":7}},"locations":[{"start":{"line":46,"column":45},"end":{"line":49,"column":7}}]},"16":{"type":"branch","line":48,"loc":{"start":{"line":48,"column":33},"end":{"line":48,"column":50}},"locations":[{"start":{"line":48,"column":33},"end":{"line":48,"column":50}}]},"17":{"type":"branch","line":50,"loc":{"start":{"line":50,"column":5},"end":{"line":56,"column":5}},"locations":[{"start":{"line":50,"column":5},"end":{"line":56,"column":5}}]},"18":{"type":"branch","line":51,"loc":{"start":{"line":51,"column":45},"end":{"line":55,"column":7}},"locations":[{"start":{"line":51,"column":45},"end":{"line":55,"column":7}}]},"19":{"type":"branch","line":54,"loc":{"start":{"line":54,"column":38},"end":{"line":54,"column":55}},"locations":[{"start":{"line":54,"column":38},"end":{"line":54,"column":55}}]},"20":{"type":"branch","line":59,"loc":{"start":{"line":59,"column":2},"end":{"line":74,"column":3}},"locations":[{"start":{"line":59,"column":2},"end":{"line":74,"column":3}}]},"21":{"type":"branch","line":61,"loc":{"start":{"line":61,"column":6},"end":{"line":63,"column":14}},"locations":[{"start":{"line":61,"column":6},"end":{"line":63,"column":14}}]},"22":{"type":"branch","line":62,"loc":{"start":{"line":62,"column":59},"end":{"line":63,"column":14}},"locations":[{"start":{"line":62,"column":59},"end":{"line":63,"column":14}}]},"23":{"type":"branch","line":64,"loc":{"start":{"line":64,"column":6},"end":{"line":66,"column":14}},"locations":[{"start":{"line":64,"column":6},"end":{"line":66,"column":14}}]},"24":{"type":"branch","line":65,"loc":{"start":{"line":65,"column":50},"end":{"line":66,"column":14}},"locations":[{"start":{"line":65,"column":50},"end":{"line":66,"column":14}}]},"25":{"type":"branch","line":67,"loc":{"start":{"line":67,"column":6},"end":{"line":69,"column":14}},"locations":[{"start":{"line":67,"column":6},"end":{"line":69,"column":14}}]},"26":{"type":"branch","line":68,"loc":{"start":{"line":68,"column":59},"end":{"line":69,"column":14}},"locations":[{"start":{"line":68,"column":59},"end":{"line":69,"column":14}}]},"27":{"type":"branch","line":70,"loc":{"start":{"line":70,"column":6},"end":{"line":72,"column":14}},"locations":[{"start":{"line":70,"column":6},"end":{"line":72,"column":14}}]},"28":{"type":"branch","line":71,"loc":{"start":{"line":71,"column":45},"end":{"line":72,"column":14}},"locations":[{"start":{"line":71,"column":45},"end":{"line":72,"column":14}}]},"29":{"type":"branch","line":75,"loc":{"start":{"line":75,"column":2},"end":{"line":94,"column":3}},"locations":[{"start":{"line":75,"column":2},"end":{"line":94,"column":3}}]},"30":{"type":"branch","line":76,"loc":{"start":{"line":76,"column":27},"end":{"line":76,"column":72}},"locations":[{"start":{"line":76,"column":27},"end":{"line":76,"column":72}}]},"31":{"type":"branch","line":76,"loc":{"start":{"line":76,"column":71},"end":{"line":80,"column":35}},"locations":[{"start":{"line":76,"column":71},"end":{"line":80,"column":35}}]},"32":{"type":"branch","line":80,"loc":{"start":{"line":80,"column":35},"end":{"line":82,"column":5}},"locations":[{"start":{"line":80,"column":35},"end":{"line":82,"column":5}}]},"33":{"type":"branch","line":82,"loc":{"start":{"line":82,"column":5},"end":{"line":93,"column":5}},"locations":[{"start":{"line":82,"column":5},"end":{"line":93,"column":5}}]}},"b":{"0":[20],"1":[27],"2":[52],"3":[48],"4":[16],"5":[1],"6":[51],"7":[4],"8":[47],"9":[376],"10":[45],"11":[2],"12":[20],"13":[16],"14":[4],"15":[9],"16":[2],"17":[12],"18":[33],"19":[10],"20":[10],"21":[3],"22":[0],"23":[3],"24":[0],"25":[2],"26":[0],"27":[2],"28":[0],"29":[20],"30":[3],"31":[17],"32":[7],"33":[10]},"fnMap":{"0":{"name":"<instance_members_initializer>","decl":{"start":{"line":1,"column":0},"end":{"line":95,"column":1}},"loc":{"start":{"line":1,"column":0},"end":{"line":95,"column":1}},"line":1},"1":{"name":"calcularComida","decl":{"start":{"line":13,"column":2},"end":{"line":42,"column":3}},"loc":{"start":{"line":13,"column":2},"end":{"line":42,"column":3}},"line":13},"2":{"name":"conferirExtras","decl":{"start":{"line":43,"column":2},"end":{"line":58,"column":3}},"loc":{"start":{"line":43,"column":2},"end":{"line":58,"column":3}},"line":43},"3":{"name":"formaDePagamento","decl":{"start":{"line":59,"column":2},"end":{"line":74,"column":3}},"loc":{"start":{"line":59,"column":2},"end":{"line":74,"column":3}},"line":59},"4":{"name":"calcularValorDaCompra","decl":{"start":{"line":75,"column":2},"end":{"line":94,"column":3}},"loc":{"start":{"line":75,"column":2},"end":{"line":94,"column":3}},"line":75}},"f":{"0":20,"1":27,"2":16,"3":10,"4":20}}
}
