TN:
SF:src/caixa-da-lanchonete.js
FN:1,<instance_members_initializer>
FN:13,calcularComida
FN:43,conferirExtras
FN:59,formaDePagamento
FN:75,calcularValorDaCompra
FNF:5
FNH:5
FNDA:20,<instance_members_initializer>
FNDA:27,calcularComida
FNDA:16,conferirExtras
FNDA:10,formaDePagamento
FNDA:20,calcularValorDaCompra
DA:1,20
DA:2,20
DA:3,20
DA:4,20
DA:5,20
DA:6,20
DA:7,20
DA:8,20
DA:9,20
DA:10,20
DA:11,20
DA:12,20
DA:13,20
DA:14,27
DA:15,27
DA:16,52
DA:17,52
DA:18,52
DA:19,52
DA:20,16
DA:21,16
DA:22,52
DA:23,52
DA:24,52
DA:25,1
DA:26,52
DA:27,4
DA:28,51
DA:29,47
DA:30,47
DA:31,47
DA:32,376
DA:33,45
DA:34,45
DA:35,45
DA:36,376
DA:37,47
DA:38,47
DA:39,52
DA:40,20
DA:41,20
DA:42,20
DA:43,20
DA:44,16
DA:45,16
DA:46,4
DA:47,9
DA:48,9
DA:49,9
DA:50,16
DA:51,12
DA:52,33
DA:53,33
DA:54,33
DA:55,33
DA:56,12
DA:57,16
DA:58,16
DA:59,20
DA:60,10
DA:61,10
DA:62,3
DA:63,0
DA:64,10
DA:65,3
DA:66,0
DA:67,10
DA:68,2
DA:69,0
DA:70,10
DA:71,2
DA:72,0
DA:73,10
DA:74,10
DA:75,20
DA:76,20
DA:77,17
DA:78,17
DA:79,17
DA:80,20
DA:81,7
DA:82,20
DA:83,10
DA:84,10
DA:85,10
DA:86,10
DA:87,10
DA:88,10
DA:89,10
DA:90,10
DA:91,10
DA:92,10
DA:93,10
DA:94,20
DA:95,20
DA:96,1
DA:97,1
DA:98,1
DA:99,1
DA:100,1
DA:101,1
DA:102,1
DA:103,1
LF:103
LH:99
BRDA:1,0,0,20
BRDA:13,1,0,27
BRDA:15,2,0,52
BRDA:19,3,0,48
BRDA:19,4,0,16
BRDA:24,5,0,1
BRDA:26,6,0,51
BRDA:26,7,0,4
BRDA:28,8,0,47
BRDA:31,9,0,376
BRDA:32,10,0,45
BRDA:37,11,0,2
BRDA:39,12,0,20
BRDA:43,13,0,16
BRDA:45,14,0,4
BRDA:46,15,0,9
BRDA:48,16,0,2
BRDA:50,17,0,12
BRDA:51,18,0,33
BRDA:54,19,0,10
BRDA:59,20,0,10
BRDA:61,21,0,3
BRDA:62,22,0,0
BRDA:64,23,0,3
BRDA:65,24,0,0
BRDA:67,25,0,2
BRDA:68,26,0,0
BRDA:70,27,0,2
BRDA:71,28,0,0
BRDA:75,29,0,20
BRDA:76,30,0,3
BRDA:76,31,0,17
BRDA:80,32,0,7
BRDA:82,33,0,10
BRF:34
BRH:30
end_of_record
